# JRE version: Java(TM) SE Runtime Environment (7.0_75-b13) (build 1.7.0_75-b13)
# Java VM: Java HotSpot(TM) 64-Bit Server VM (24.75-b04 mixed mode bsd-amd64 compressed oops)
Heap
 PSYoungGen      total 1397248K, used 698368K [0x0000000780000000, 0x0000000800000000, 0x0000000800000000)
  eden space 698368K, 100% used [0x0000000780000000,0x00000007aaa00000,0x00000007aaa00000)
  from space 698880K, 0% used [0x00000007aaa00000,0x00000007aaa00000,0x00000007d5480000)
  to   space 698880K, 0% used [0x00000007d5580000,0x00000007d5580000,0x0000000800000000)
 ParOldGen       total 4194304K, used 4194017K [0x0000000680000000, 0x0000000780000000, 0x0000000780000000)
  object space 4194304K, 99% used [0x0000000680000000,0x000000077ffb8790,0x0000000780000000)
 PSPermGen       total 21504K, used 10375K [0x000000067ae00000, 0x000000067c300000, 0x0000000680000000)
  object space 21504K, 48% used [0x000000067ae00000,0x000000067b821c00,0x000000067c300000)
GC Heap History (10 events):
Event: 842.245 GC heap after
Heap after GC invocations=172 (full 13):
 PSYoungGen      total 1397248K, used 502615K [0x0000000780000000, 0x0000000800000000, 0x0000000800000000)
  eden space 698368K, 71% used [0x0000000780000000,0x000000079ead5cf0,0x00000007aaa00000)
  from space 698880K, 0% used [0x00000007aaa00000,0x00000007aaa00000,0x00000007d5480000)
  to   space 698880K, 0% used [0x00000007d5580000,0x00000007d5580000,0x0000000800000000)
 ParOldGen       total 4194304K, used 4194275K [0x0000000680000000, 0x0000000780000000, 0x0000000780000000)
  object space 4194304K, 99% used [0x0000000680000000,0x000000077fff8c70,0x0000000780000000)
 PSPermGen       total 21504K, used 10374K [0x000000067ae00000, 0x000000067c300000, 0x0000000680000000)
  object space 21504K, 48% used [0x000000067ae00000,0x000000067b821838,0x000000067c300000)
}
Event: 842.570 GC heap before
{Heap before GC invocations=173 (full 14):
 PSYoungGen      total 1397248K, used 698368K [0x0000000780000000, 0x0000000800000000, 0x0000000800000000)
  eden space 698368K, 100% used [0x0000000780000000,0x00000007aaa00000,0x00000007aaa00000)
  from space 698880K, 0% used [0x00000007aaa00000,0x00000007aaa00000,0x00000007d5480000)
  to   space 698880K, 0% used [0x00000007d5580000,0x00000007d5580000,0x0000000800000000)
 ParOldGen       total 4194304K, used 4194275K [0x0000000680000000, 0x0000000780000000, 0x0000000780000000)
  object space 4194304K, 99% used [0x0000000680000000,0x000000077fff8c70,0x0000000780000000)
 PSPermGen       total 21504K, used 10374K [0x000000067ae00000, 0x000000067c300000, 0x0000000680000000)
  object space 21504K, 48% used [0x000000067ae00000,0x000000067b821838,0x000000067c300000)
Event: 866.656 GC heap after
Heap after GC invocations=173 (full 14):
 PSYoungGen      total 1397248K, used 508554K [0x0000000780000000, 0x0000000800000000, 0x0000000800000000)
  eden space 698368K, 72% used [0x0000000780000000,0x000000079f0a2bd8,0x00000007aaa00000)
  from space 698880K, 0% used [0x00000007aaa00000,0x00000007aaa00000,0x00000007d5480000)
  to   space 698880K, 0% used [0x00000007d5580000,0x00000007d5580000,0x0000000800000000)
 ParOldGen       total 4194304K, used 4194166K [0x0000000680000000, 0x0000000780000000, 0x0000000780000000)
  object space 4194304K, 99% used [0x0000000680000000,0x000000077ffddbc0,0x0000000780000000)
 PSPermGen       total 21504K, used 10374K [0x000000067ae00000, 0x000000067c300000, 0x0000000680000000)
  object space 21504K, 48% used [0x000000067ae00000,0x000000067b821838,0x000000067c300000)
}
Event: 866.864 GC heap before
{Heap before GC invocations=174 (full 15):
 PSYoungGen      total 1397248K, used 698368K [0x0000000780000000, 0x0000000800000000, 0x0000000800000000)
  eden space 698368K, 100% used [0x0000000780000000,0x00000007aaa00000,0x00000007aaa00000)
  from space 698880K, 0% used [0x00000007aaa00000,0x00000007aaa00000,0x00000007d5480000)
  to   space 698880K, 0% used [0x00000007d5580000,0x00000007d5580000,0x0000000800000000)
 ParOldGen       total 4194304K, used 4194166K [0x0000000680000000, 0x0000000780000000, 0x0000000780000000)
  object space 4194304K, 99% used [0x0000000680000000,0x000000077ffddbc0,0x0000000780000000)
 PSPermGen       total 21504K, used 10374K [0x000000067ae00000, 0x000000067c300000, 0x0000000680000000)
  object space 21504K, 48% used [0x000000067ae00000,0x000000067b8218e0,0x000000067c300000)
Event: 879.499 GC heap after
Heap after GC invocations=174 (full 15):
 PSYoungGen      total 1397248K, used 514387K [0x0000000780000000, 0x0000000800000000, 0x0000000800000000)
  eden space 698368K, 73% used [0x0000000780000000,0x000000079f654ed0,0x00000007aaa00000)
  from space 698880K, 0% used [0x00000007aaa00000,0x00000007aaa00000,0x00000007d5480000)
  to   space 698880K, 0% used [0x00000007d5580000,0x00000007d5580000,0x0000000800000000)
 ParOldGen       total 4194304K, used 4193969K [0x0000000680000000, 0x0000000780000000, 0x0000000780000000)
  object space 4194304K, 99% used [0x0000000680000000,0x000000077ffac428,0x0000000780000000)
 PSPermGen       total 21504K, used 10374K [0x000000067ae00000, 0x000000067c300000, 0x0000000680000000)
  object space 21504K, 48% used [0x000000067ae00000,0x000000067b8218e0,0x000000067c300000)
}
Event: 879.706 GC heap before
{Heap before GC invocations=175 (full 16):
 PSYoungGen      total 1397248K, used 698368K [0x0000000780000000, 0x0000000800000000, 0x0000000800000000)
  eden space 698368K, 100% used [0x0000000780000000,0x00000007aaa00000,0x00000007aaa00000)
  from space 698880K, 0% used [0x00000007aaa00000,0x00000007aaa00000,0x00000007d5480000)
  to   space 698880K, 0% used [0x00000007d5580000,0x00000007d5580000,0x0000000800000000)
 ParOldGen       total 4194304K, used 4193969K [0x0000000680000000, 0x0000000780000000, 0x0000000780000000)
  object space 4194304K, 99% used [0x0000000680000000,0x000000077ffac428,0x0000000780000000)
 PSPermGen       total 21504K, used 10374K [0x000000067ae00000, 0x000000067c300000, 0x0000000680000000)
  object space 21504K, 48% used [0x000000067ae00000,0x000000067b821998,0x000000067c300000)
Event: 897.037 GC heap after
Heap after GC invocations=175 (full 16):
 PSYoungGen      total 1397248K, used 518983K [0x0000000780000000, 0x0000000800000000, 0x0000000800000000)
  eden space 698368K, 74% used [0x0000000780000000,0x000000079fad1ed0,0x00000007aaa00000)
  from space 698880K, 0% used [0x00000007aaa00000,0x00000007aaa00000,0x00000007d5480000)
  to   space 698880K, 0% used [0x00000007d5580000,0x00000007d5580000,0x0000000800000000)
 ParOldGen       total 4194304K, used 4194059K [0x0000000680000000, 0x0000000780000000, 0x0000000780000000)
  object space 4194304K, 99% used [0x0000000680000000,0x000000077ffc2c48,0x0000000780000000)
 PSPermGen       total 21504K, used 10374K [0x000000067ae00000, 0x000000067c300000, 0x0000000680000000)
  object space 21504K, 48% used [0x000000067ae00000,0x000000067b821998,0x000000067c300000)
}
Event: 897.194 GC heap before
{Heap before GC invocations=176 (full 17):
 PSYoungGen      total 1397248K, used 698368K [0x0000000780000000, 0x0000000800000000, 0x0000000800000000)
  eden space 698368K, 100% used [0x0000000780000000,0x00000007aaa00000,0x00000007aaa00000)
  from space 698880K, 0% used [0x00000007aaa00000,0x00000007aaa00000,0x00000007d5480000)
  to   space 698880K, 0% used [0x00000007d5580000,0x00000007d5580000,0x0000000800000000)
 ParOldGen       total 4194304K, used 4194059K [0x0000000680000000, 0x0000000780000000, 0x0000000780000000)
  object space 4194304K, 99% used [0x0000000680000000,0x000000077ffc2c48,0x0000000780000000)
 PSPermGen       total 21504K, used 10375K [0x000000067ae00000, 0x000000067c300000, 0x0000000680000000)
  object space 21504K, 48% used [0x000000067ae00000,0x000000067b821c00,0x000000067c300000)
Event: 914.196 GC heap after
Heap after GC invocations=176 (full 17):
 PSYoungGen      total 1397248K, used 523588K [0x0000000780000000, 0x0000000800000000, 0x0000000800000000)
  eden space 698368K, 74% used [0x0000000780000000,0x000000079ff513e0,0x00000007aaa00000)
  from space 698880K, 0% used [0x00000007aaa00000,0x00000007aaa00000,0x00000007d5480000)
  to   space 698880K, 0% used [0x00000007d5580000,0x00000007d5580000,0x0000000800000000)
 ParOldGen       total 4194304K, used 4194017K [0x0000000680000000, 0x0000000780000000, 0x0000000780000000)
  object space 4194304K, 99% used [0x0000000680000000,0x000000077ffb8790,0x0000000780000000)
 PSPermGen       total 21504K, used 10375K [0x000000067ae00000, 0x000000067c300000, 0x0000000680000000)
  object space 21504K, 48% used [0x000000067ae00000,0x000000067b821c00,0x000000067c300000)
}
Event: 914.335 GC heap before
{Heap before GC invocations=177 (full 18):
 PSYoungGen      total 1397248K, used 698368K [0x0000000780000000, 0x0000000800000000, 0x0000000800000000)
  eden space 698368K, 100% used [0x0000000780000000,0x00000007aaa00000,0x00000007aaa00000)
  from space 698880K, 0% used [0x00000007aaa00000,0x00000007aaa00000,0x00000007d5480000)
  to   space 698880K, 0% used [0x00000007d5580000,0x00000007d5580000,0x0000000800000000)
 ParOldGen       total 4194304K, used 4194017K [0x0000000680000000, 0x0000000780000000, 0x0000000780000000)
  object space 4194304K, 99% used [0x0000000680000000,0x000000077ffb8790,0x0000000780000000)
 PSPermGen       total 21504K, used 10375K [0x000000067ae00000, 0x000000067c300000, 0x0000000680000000)
  object space 21504K, 48% used [0x000000067ae00000,0x000000067b821c00,0x000000067c300000)

